#
# There is insufficient memory for the Java Runtime Environment to continue.
# Native memory allocation (malloc) failed to allocate 32744 bytes for ChunkPool::allocate
# Possible reasons:
#   The system is out of physical RAM or swap space
#   In 32 bit mode, the process size limit was hit
# Possible solutions:
#   Reduce memory load on the system
#   Increase physical memory or swap space
#   Check if swap backing store is full
#   Use 64 bit Java on a 64 bit OS
#   Decrease Java heap size (-Xmx/-Xms)
#   Decrease number of Java threads
#   Decrease Java thread stack sizes (-Xss)
#   Set larger code cache with -XX:ReservedCodeCacheSize=
# This output file may be truncated or incomplete.
#
#  Out of Memory Error (allocation.cpp:273), pid=18388, tid=0x0000000000002ba4
#
# JRE version: OpenJDK Runtime Environment (8.0_152-b02) (build 1.8.0_152-release-1024-b02)
# Java VM: OpenJDK 64-Bit Server VM (25.152-b02 mixed mode windows-amd64 compressed oops)
# Failed to write core dump. Minidumps are not enabled by default on client versions of Windows
#

---------------  T H R E A D  ---------------

Current thread (0x0000000016ae6800):  JavaThread "C2 CompilerThread1" daemon [_thread_in_native, id=11172, stack(0x0000000018230000,0x0000000018330000)]

Stack: [0x0000000018230000,0x0000000018330000]
[error occurred during error reporting (printing stack bounds), id 0xc0000005]

Native frames: (J=compiled Java code, j=interpreted, Vv=VM code, C=native code)


Current CompileTask:
C2:   6329 3536       4       org.gradle.model.internal.type.ModelType::wrap (219 bytes)


---------------  P R O C E S S  ---------------

Java Threads: ( => current thread )
  0x000000001ccf0800 JavaThread "Memory manager" [_thread_blocked, id=14296, stack(0x00000000211c0000,0x00000000212c0000)]
  0x000000001ccf2000 JavaThread "pool-1-thread-1" [_thread_blocked, id=7064, stack(0x0000000020ec0000,0x0000000020fc0000)]
  0x000000001ccf3000 JavaThread "build operations Thread 4" [_thread_blocked, id=9304, stack(0x00000000209c0000,0x0000000020ac0000)]
  0x000000001ccf6000 JavaThread "build operations Thread 3" [_thread_blocked, id=6680, stack(0x00000000208c0000,0x00000000209c0000)]
  0x000000001ccf5000 JavaThread "build operations Thread 2" [_thread_blocked, id=9712, stack(0x00000000207c0000,0x00000000208c0000)]
  0x000000001ccef000 JavaThread "build operations" [_thread_blocked, id=4620, stack(0x00000000206c0000,0x00000000207c0000)]
  0x000000001ccf3800 JavaThread "Cache worker for Artifact transforms cache (C:\Users\PC\.gradle\caches\transforms-1)" [_thread_blocked, id=15476, stack(0x00000000204c0000,0x00000000205c0000)]
  0x0000000019d2e000 JavaThread "Cache worker for file hash cache (F:\AndroidStudioProjects\GalileeTourGuide\.gradle\4.4\fileHashes)" [_thread_blocked, id=14884, stack(0x000000001c650000,0x000000001c750000)]
  0x0000000019a4d000 JavaThread "File lock request listener" [_thread_in_native, id=14004, stack(0x000000001b580000,0x000000001b680000)]
  0x0000000019d50000 JavaThread "Cache worker for file hash cache (C:\Users\PC\.gradle\caches\4.4\fileHashes)" [_thread_blocked, id=17644, stack(0x000000001b480000,0x000000001b580000)]
  0x0000000019a7c800 JavaThread "Stdin handler" [_thread_blocked, id=17784, stack(0x000000001b180000,0x000000001b280000)]
  0x0000000019a79800 JavaThread "Asynchronous log dispatcher for DefaultDaemonConnection: socket connection from /127.0.0.1:63745 to /127.0.0.1:63746" [_thread_blocked, id=1540, stack(0x000000001b080000,0x000000001b180000)]
  0x0000000019a6e000 JavaThread "Daemon worker" [_thread_in_vm, id=15868, stack(0x000000001af80000,0x000000001b080000)]
  0x0000000019a6b000 JavaThread "Cancel handler" [_thread_blocked, id=16160, stack(0x000000001ae80000,0x000000001af80000)]
  0x00000000199a2000 JavaThread "Handler for socket connection from /127.0.0.1:63745 to /127.0.0.1:63746" [_thread_in_native, id=17312, stack(0x000000001ab80000,0x000000001ac80000)]
  0x00000000199a5000 JavaThread "Daemon" [_thread_blocked, id=16420, stack(0x000000001aa80000,0x000000001ab80000)]
  0x0000000019bdf000 JavaThread "Daemon periodic checks" [_thread_blocked, id=10500, stack(0x000000001a980000,0x000000001aa80000)]
  0x0000000019b25000 JavaThread "Incoming local TCP Connector on port 63745" [_thread_in_native, id=7920, stack(0x000000001a740000,0x000000001a840000)]
  0x000000001849e000 JavaThread "Service Thread" daemon [_thread_blocked, id=17424, stack(0x0000000018830000,0x0000000018930000)]
  0x0000000016aea000 JavaThread "C1 CompilerThread2" daemon [_thread_blocked, id=15824, stack(0x0000000018330000,0x0000000018430000)]
=>0x0000000016ae6800 JavaThread "C2 CompilerThread1" daemon [_thread_in_native, id=11172, stack(0x0000000018230000,0x0000000018330000)]
  0x0000000016ae2000 JavaThread "C2 CompilerThread0" daemon [_thread_in_native, id=2128, stack(0x0000000018130000,0x0000000018230000)]
  0x0000000016b31800 JavaThread "Attach Listener" daemon [_thread_blocked, id=16920, stack(0x0000000018030000,0x0000000018130000)]
  0x0000000016ad6800 JavaThread "Signal Dispatcher" daemon [_thread_blocked, id=1756, stack(0x0000000017f30000,0x0000000018030000)]
  0x000000000316c000 JavaThread "Finalizer" daemon [_thread_blocked, id=13088, stack(0x0000000017d40000,0x0000000017e40000)]
  0x0000000003161000 JavaThread "Reference Handler" daemon [_thread_blocked, id=1656, stack(0x0000000017c40000,0x0000000017d40000)]
  0x000000000306d800 JavaThread "main" [_thread_blocked, id=13232, stack(0x0000000002ed0000,0x0000000002fd0000)]

Other Threads:
  0x0000000016aa5800 VMThread [stack: 0x0000000017b40000,0x0000000017c40000] [id=5688]
  0x0000000016b3e800 WatcherThread [stack: 0x0000000018930000,0x0000000018a30000] [id=9492]

VM state:not at safepoint (normal execution)

VM Mutex/Monitor currently owned by a thread: None

Heap:
 PSYoungGen      total 140800K, used 78699K [0x00000000e0000000, 0x00000000eb300000, 0x0000000100000000)
  eden space 131072K, 60% used [0x00000000e0000000,0x00000000e4cdaeb8,0x00000000e8000000)
  from space 9728K, 0% used [0x00000000e8000000,0x00000000e8000000,0x00000000e8980000)
  to   space 12800K, 0% used [0x00000000ea680000,0x00000000ea680000,0x00000000eb300000)
 ParOldGen       total 96768K, used 19166K [0x00000000a0000000, 0x00000000a5e80000, 0x00000000e0000000)
  object space 96768K, 19% used [0x00000000a0000000,0x00000000a12b7a58,0x00000000a5e80000)
 Metaspace       used 38989K, capacity 39680K, committed 39896K, reserved 1083392K
  class space    used 5302K, capacity 5540K, committed 5632K, reserved 1048576K

Card table byte_map: [0x0000000012530000,0x0000000012840000] byte_map_base: 0x0000000012030000

Marking Bits: (ParMarkBitMap*) 0x000000006c154970
 Begin Bits: [0x0000000012e40000, 0x0000000014640000)
 End Bits:   [0x0000000014640000, 0x0000000015e40000)

Polling page: 0x0000000000de0000

CodeCache: size=245760Kb used=12126Kb max_used=12152Kb free=233633Kb
 bounds [0x0000000003170000, 0x0000000003d60000, 0x0000000012170000]
 total_blobs=4223 nmethods=3511 adapters=625
 compilation: enabled

Compilation events (10 events):
Event: 6.283 Thread 0x0000000016aea000 3847       1       java.lang.invoke.MethodHandles$Lookup::lookupClass (5 bytes)
Event: 6.283 Thread 0x0000000016aea000 nmethod 3847 0x0000000003d3f6d0 code [0x0000000003d3f820, 0x0000000003d3f930]
Event: 6.283 Thread 0x0000000016aea000 3848       2       java.lang.invoke.TypeConvertingMethodAdapter::descriptorToName (36 bytes)
Event: 6.283 Thread 0x0000000016aea000 nmethod 3848 0x0000000003d3f990 code [0x0000000003d3fb20, 0x0000000003d3fe88]
Event: 6.283 Thread 0x0000000016aea000 3850       2       jdk.internal.org.objectweb.asm.Frame::pop (53 bytes)
Event: 6.283 Thread 0x0000000016aea000 nmethod 3850 0x0000000003d40150 code [0x0000000003d40300, 0x0000000003d40608]
Event: 6.283 Thread 0x0000000016aea000 3851       2       java.lang.invoke.DirectMethodHandle::internalMemberName (8 bytes)
Event: 6.284 Thread 0x0000000016aea000 nmethod 3851 0x0000000003d40850 code [0x0000000003d409a0, 0x0000000003d40b10]
Event: 6.288 Thread 0x0000000016aea000 3852       1       java.lang.invoke.DirectMethodHandle::internalMemberName (5 bytes)
Event: 6.288 Thread 0x0000000016aea000 nmethod 3852 0x0000000003d40bd0 code [0x0000000003d40d20, 0x0000000003d40e30]

GC Heap History (10 events):
Event: 2.594 GC heap before
{Heap before GC invocations=5 (full 0):
 PSYoungGen      total 71680K, used 17334K [0x00000000e0000000, 0x00000000e4b00000, 0x0000000100000000)
  eden space 66560K, 18% used [0x00000000e0000000,0x00000000e0bf1b50,0x00000000e4100000)
  from space 5120K, 99% used [0x00000000e4600000,0x00000000e4afc050,0x00000000e4b00000)
  to   space 5120K, 0% used [0x00000000e4100000,0x00000000e4100000,0x00000000e4600000)
 ParOldGen       total 87552K, used 5948K [0x00000000a0000000, 0x00000000a5580000, 0x00000000e0000000)
  object space 87552K, 6% used [0x00000000a0000000,0x00000000a05cf0e0,0x00000000a5580000)
 Metaspace       used 20748K, capacity 21200K, committed 21248K, reserved 1067008K
  class space    used 2894K, capacity 3038K, committed 3072K, reserved 1048576K
Event: 2.602 GC heap after
Heap after GC invocations=5 (full 0):
 PSYoungGen      total 71680K, used 5088K [0x00000000e0000000, 0x00000000e9500000, 0x0000000100000000)
  eden space 66560K, 0% used [0x00000000e0000000,0x00000000e0000000,0x00000000e4100000)
  from space 5120K, 99% used [0x00000000e4100000,0x00000000e45f8030,0x00000000e4600000)
  to   space 9728K, 0% used [0x00000000e8b80000,0x00000000e8b80000,0x00000000e9500000)
 ParOldGen       total 87552K, used 8275K [0x00000000a0000000, 0x00000000a5580000, 0x00000000e0000000)
  object space 87552K, 9% used [0x00000000a0000000,0x00000000a0814fc8,0x00000000a5580000)
 Metaspace       used 20748K, capacity 21200K, committed 21248K, reserved 1067008K
  class space    used 2894K, capacity 3038K, committed 3072K, reserved 1048576K
}
Event: 2.602 GC heap before
{Heap before GC invocations=6 (full 1):
 PSYoungGen      total 71680K, used 5088K [0x00000000e0000000, 0x00000000e9500000, 0x0000000100000000)
  eden space 66560K, 0% used [0x00000000e0000000,0x00000000e0000000,0x00000000e4100000)
  from space 5120K, 99% used [0x00000000e4100000,0x00000000e45f8030,0x00000000e4600000)
  to   space 9728K, 0% used [0x00000000e8b80000,0x00000000e8b80000,0x00000000e9500000)
 ParOldGen       total 87552K, used 8275K [0x00000000a0000000, 0x00000000a5580000, 0x00000000e0000000)
  object space 87552K, 9% used [0x00000000a0000000,0x00000000a0814fc8,0x00000000a5580000)
 Metaspace       used 20748K, capacity 21200K, committed 21248K, reserved 1067008K
  class space    used 2894K, capacity 3038K, committed 3072K, reserved 1048576K
Event: 2.644 GC heap after
Heap after GC invocations=6 (full 1):
 PSYoungGen      total 71680K, used 0K [0x00000000e0000000, 0x00000000e9500000, 0x0000000100000000)
  eden space 66560K, 0% used [0x00000000e0000000,0x00000000e0000000,0x00000000e4100000)
  from space 5120K, 0% used [0x00000000e4100000,0x00000000e4100000,0x00000000e4600000)
  to   space 9728K, 0% used [0x00000000e8b80000,0x00000000e8b80000,0x00000000e9500000)
 ParOldGen       total 59392K, used 7830K [0x00000000a0000000, 0x00000000a3a00000, 0x00000000e0000000)
  object space 59392K, 13% used [0x00000000a0000000,0x00000000a07a5988,0x00000000a3a00000)
 Metaspace       used 20748K, capacity 21200K, committed 21248K, reserved 1067008K
  class space    used 2894K, capacity 3038K, committed 3072K, reserved 1048576K
}
Event: 3.938 GC heap before
{Heap before GC invocations=7 (full 1):
 PSYoungGen      total 71680K, used 66560K [0x00000000e0000000, 0x00000000e9500000, 0x0000000100000000)
  eden space 66560K, 100% used [0x00000000e0000000,0x00000000e4100000,0x00000000e4100000)
  from space 5120K, 0% used [0x00000000e4100000,0x00000000e4100000,0x00000000e4600000)
  to   space 9728K, 0% used [0x00000000e8b80000,0x00000000e8b80000,0x00000000e9500000)
 ParOldGen       total 59392K, used 7830K [0x00000000a0000000, 0x00000000a3a00000, 0x00000000e0000000)
  object space 59392K, 13% used [0x00000000a0000000,0x00000000a07a5988,0x00000000a3a00000)
 Metaspace       used 26628K, capacity 27056K, committed 27136K, reserved 1073152K
  class space    used 3670K, capacity 3829K, committed 3840K, reserved 1048576K
Event: 3.952 GC heap after
Heap after GC invocations=7 (full 1):
 PSYoungGen      total 111616K, used 7392K [0x00000000e0000000, 0x00000000e9300000, 0x0000000100000000)
  eden space 103936K, 0% used [0x00000000e0000000,0x00000000e0000000,0x00000000e6580000)
  from space 7680K, 96% used [0x00000000e8b80000,0x00000000e92b8158,0x00000000e9300000)
  to   space 9728K, 0% used [0x00000000e8000000,0x00000000e8000000,0x00000000e8980000)
 ParOldGen       total 59392K, used 7838K [0x00000000a0000000, 0x00000000a3a00000, 0x00000000e0000000)
  object space 59392K, 13% used [0x00000000a0000000,0x00000000a07a7988,0x00000000a3a00000)
 Metaspace       used 26628K, capacity 27056K, committed 27136K, reserved 1073152K
  class space    used 3670K, capacity 3829K, committed 3840K, reserved 1048576K
}
Event: 5.538 GC heap before
{Heap before GC invocations=8 (full 1):
 PSYoungGen      total 111616K, used 94084K [0x00000000e0000000, 0x00000000e9300000, 0x0000000100000000)
  eden space 103936K, 83% used [0x00000000e0000000,0x00000000e54a8f80,0x00000000e6580000)
  from space 7680K, 96% used [0x00000000e8b80000,0x00000000e92b8158,0x00000000e9300000)
  to   space 9728K, 0% used [0x00000000e8000000,0x00000000e8000000,0x00000000e8980000)
 ParOldGen       total 59392K, used 7838K [0x00000000a0000000, 0x00000000a3a00000, 0x00000000e0000000)
  object space 59392K, 13% used [0x00000000a0000000,0x00000000a07a7988,0x00000000a3a00000)
 Metaspace       used 34722K, capacity 35260K, committed 35416K, reserved 1079296K
  class space    used 4778K, capacity 4972K, committed 4992K, reserved 1048576K
Event: 5.550 GC heap after
Heap after GC invocations=8 (full 1):
 PSYoungGen      total 140800K, used 9726K [0x00000000e0000000, 0x00000000eb300000, 0x0000000100000000)
  eden space 131072K, 0% used [0x00000000e0000000,0x00000000e0000000,0x00000000e8000000)
  from space 9728K, 99% used [0x00000000e8000000,0x00000000e897f970,0x00000000e8980000)
  to   space 12800K, 0% used [0x00000000ea680000,0x00000000ea680000,0x00000000eb300000)
 ParOldGen       total 59392K, used 10995K [0x00000000a0000000, 0x00000000a3a00000, 0x00000000e0000000)
  object space 59392K, 18% used [0x00000000a0000000,0x00000000a0abcdb8,0x00000000a3a00000)
 Metaspace       used 34722K, capacity 35260K, committed 35416K, reserved 1079296K
  class space    used 4778K, capacity 4972K, committed 4992K, reserved 1048576K
}
Event: 5.550 GC heap before
{Heap before GC invocations=9 (full 2):
 PSYoungGen      total 140800K, used 9726K [0x00000000e0000000, 0x00000000eb300000, 0x0000000100000000)
  eden space 131072K, 0% used [0x00000000e0000000,0x00000000e0000000,0x00000000e8000000)
  from space 9728K, 99% used [0x00000000e8000000,0x00000000e897f970,0x00000000e8980000)
  to   space 12800K, 0% used [0x00000000ea680000,0x00000000ea680000,0x00000000eb300000)
 ParOldGen       total 59392K, used 10995K [0x00000000a0000000, 0x00000000a3a00000, 0x00000000e0000000)
  object space 59392K, 18% used [0x00000000a0000000,0x00000000a0abcdb8,0x00000000a3a00000)
 Metaspace       used 34722K, capacity 35260K, committed 35416K, reserved 1079296K
  class space    used 4778K, capacity 4972K, committed 4992K, reserved 1048576K
Event: 5.621 GC heap after
Heap after GC invocations=9 (full 2):
 PSYoungGen      total 140800K, used 0K [0x00000000e0000000, 0x00000000eb300000, 0x0000000100000000)
  eden space 131072K, 0% used [0x00000000e0000000,0x00000000e0000000,0x00000000e8000000)
  from space 9728K, 0% used [0x00000000e8000000,0x00000000e8000000,0x00000000e8980000)
  to   space 12800K, 0% used [0x00000000ea680000,0x00000000ea680000,0x00000000eb300000)
 ParOldGen       total 96768K, used 19166K [0x00000000a0000000, 0x00000000a5e80000, 0x00000000e0000000)
  object space 96768K, 19% used [0x00000000a0000000,0x00000000a12b7a58,0x00000000a5e80000)
 Metaspace       used 34722K, capacity 35260K, committed 35416K, reserved 1079296K
  class space    used 4778K, capacity 4972K, committed 4992K, reserved 1048576K
}

Deoptimization events (10 events):
Event: 5.831 Thread 0x0000000019a6e000 Uncommon trap: reason=unstable_if action=reinterpret pc=0x0000000003c049a8 method=java.util.HashMap.putVal(ILjava/lang/Object;Ljava/lang/Object;ZZ)Ljava/lang/Object; @ 162
Event: 5.831 Thread 0x0000000019a6e000 Uncommon trap: reason=unstable_if action=reinterpret pc=0x00000000035ca8c4 method=java.util.HashMap.resize()[Ljava/util/HashMap$Node; @ 206
Event: 5.894 Thread 0x0000000019a6e000 Uncommon trap: reason=unstable_if action=reinterpret pc=0x000000000372ab78 method=java.lang.reflect.Modifier.toString(I)Ljava/lang/String; @ 123
Event: 5.894 Thread 0x0000000019a6e000 Uncommon trap: reason=unstable_if action=reinterpret pc=0x00000000037225c0 method=java.lang.reflect.Modifier.toString(I)Ljava/lang/String; @ 123
Event: 6.018 Thread 0x0000000019a6e000 Uncommon trap: reason=unstable_if action=reinterpret pc=0x00000000039ea74c method=java.util.jar.Attributes$Name.isDigit(C)Z @ 3
Event: 6.056 Thread 0x0000000019a6e000 Uncommon trap: reason=unstable_if action=reinterpret pc=0x00000000035d103c method=java.lang.CharacterDataLatin1.isWhitespace(I)Z @ 14
Event: 6.098 Thread 0x0000000019a6e000 Uncommon trap: reason=unstable_if action=reinterpret pc=0x000000000331b5a4 method=java.util.jar.JarFile.getInputStream(Ljava/util/zip/ZipEntry;)Ljava/io/InputStream; @ 37
Event: 6.102 Thread 0x0000000019a6e000 Uncommon trap: reason=unstable_if action=reinterpret pc=0x000000000394e96c method=java.security.CodeSource.getCertificates()[Ljava/security/cert/Certificate; @ 22
Event: 6.102 Thread 0x0000000019a6e000 Uncommon trap: reason=unstable_if action=reinterpret pc=0x0000000003350e0c method=java.security.CodeSource.matchCerts(Ljava/security/CodeSource;Z)Z @ 11
Event: 6.120 Thread 0x0000000019a6e000 Uncommon trap: reason=unstable_if action=reinterpret pc=0x00000000032fc678 method=java.util.LinkedHashMap.get(Ljava/lang/Object;)Ljava/lang/Object; @ 20

Classes redefined (0 events):
No events

Internal exceptions (10 events):
Event: 5.116 Thread 0x0000000019a6e000 Exception <a 'java/lang/ClassNotFoundException': build_4ctdddhbnbd84uxlt32h7ni47BeanInfo> (0x00000000e3dce528) thrown at [D:\src\AOSP-openjdk-cygwin\jdk8u\hotspot\src\share\vm\classfile\systemDictionary.cpp, line 210]
Event: 5.116 Thread 0x0000000019a6e000 Exception <a 'java/lang/ClassNotFoundException': build_4ctdddhbnbd84uxlt32h7ni47Customizer> (0x00000000e3dd89b0) thrown at [D:\src\AOSP-openjdk-cygwin\jdk8u\hotspot\src\share\vm\classfile\systemDictionary.cpp, line 210]
Event: 5.120 Thread 0x0000000019a6e000 Exception <a 'java/lang/ClassNotFoundException': org/gradle/api/internal/plugins/DefaultObjectConfigurationActionBeanInfo> (0x00000000e3e3db28) thrown at [D:\src\AOSP-openjdk-cygwin\jdk8u\hotspot\src\share\vm\classfile\systemDictionary.cpp, line 210]
Event: 5.121 Thread 0x0000000019a6e000 Exception <a 'java/lang/ClassNotFoundException': org/gradle/api/internal/plugins/DefaultObjectConfigurationActionCustomizer> (0x00000000e3e73e18) thrown at [D:\src\AOSP-openjdk-cygwin\jdk8u\hotspot\src\share\vm\classfile\systemDictionary.cpp, line 210]
Event: 5.428 Thread 0x0000000019a6e000 Exception <a 'sun/nio/fs/WindowsException'> (0x00000000e4d4d2a8) thrown at [D:\src\AOSP-openjdk-cygwin\jdk8u\hotspot\src\share\vm\prims\jni.cpp, line 709]
Event: 5.702 Thread 0x0000000019a6e000 Exception <a 'sun/nio/fs/WindowsException'> (0x00000000e04e2a78) thrown at [D:\src\AOSP-openjdk-cygwin\jdk8u\hotspot\src\share\vm\prims\jni.cpp, line 709]
Event: 6.254 Thread 0x0000000019a6e000 Exception <a 'java/lang/ClassNotFoundException': com/android/build/gradle/internal/api/DefaultAndroidSourceSet_DecoratedBeanInfo> (0x00000000e496cac8) thrown at [D:\src\AOSP-openjdk-cygwin\jdk8u\hotspot\src\share\vm\classfile\systemDictionary.cpp, line 21
Event: 6.254 Thread 0x0000000019a6e000 Exception <a 'java/lang/ClassNotFoundException': com/android/build/gradle/internal/api/DefaultAndroidSourceSetBeanInfo> (0x00000000e4985120) thrown at [D:\src\AOSP-openjdk-cygwin\jdk8u\hotspot\src\share\vm\classfile\systemDictionary.cpp, line 210]
Event: 6.254 Thread 0x0000000019a6e000 Exception <a 'java/lang/ClassNotFoundException': com/android/build/gradle/internal/api/DefaultAndroidSourceSetCustomizer> (0x00000000e499dba8) thrown at [D:\src\AOSP-openjdk-cygwin\jdk8u\hotspot\src\share\vm\classfile\systemDictionary.cpp, line 210]
Event: 6.256 Thread 0x0000000019a6e000 Exception <a 'java/lang/ClassNotFoundException': com/android/build/gradle/internal/api/DefaultAndroidSourceSet_DecoratedCustomizer> (0x00000000e49f92a8) thrown at [D:\src\AOSP-openjdk-cygwin\jdk8u\hotspot\src\share\vm\classfile\systemDictionary.cpp, line 

Events (10 events):
Event: 6.289 loading class com/android/utils/FileUtils
Event: 6.289 loading class com/android/utils/FileUtils done
Event: 6.290 loading class com/google/common/base/Joiner
Event: 6.290 loading class com/google/common/base/Joiner done
Event: 6.291 loading class com/google/common/base/Joiner$2
Event: 6.291 loading class com/google/common/base/Joiner$2 done
Event: 6.291 loading class com/google/common/base/Joiner$1
Event: 6.291 loading class com/google/common/base/Joiner$1 done
Event: 6.293 loading class com/android/utils/concurrency/ReadWriteProcessLock
Event: 6.293 loading class com/android/utils/concurrency/ReadWriteProcessLock done


Dynamic libraries:
0x00007ff713aa0000 - 0x00007ff713ad1000 	C:\Program Files\Android\Android Studio\jre\bin\java.exe
0x00007ff8847c0000 - 0x00007ff8849a1000 	C:\WINDOWS\SYSTEM32\ntdll.dll
0x00007ff884430000 - 0x00007ff8844e2000 	C:\WINDOWS\System32\KERNEL32.DLL
0x00007ff880fb0000 - 0x00007ff881223000 	C:\WINDOWS\System32\KERNELBASE.dll
0x00007ff883b90000 - 0x00007ff883c31000 	C:\WINDOWS\System32\ADVAPI32.dll
0x00007ff884390000 - 0x00007ff88442e000 	C:\WINDOWS\System32\msvcrt.dll
0x00007ff883940000 - 0x00007ff88399b000 	C:\WINDOWS\System32\sechost.dll
0x00007ff8844f0000 - 0x00007ff884614000 	C:\WINDOWS\System32\RPCRT4.dll
0x00007ff8837b0000 - 0x00007ff883940000 	C:\WINDOWS\System32\USER32.dll
0x00007ff881940000 - 0x00007ff881960000 	C:\WINDOWS\System32\win32u.dll
0x00007ff883780000 - 0x00007ff8837a8000 	C:\WINDOWS\System32\GDI32.dll
0x00007ff880d90000 - 0x00007ff880f22000 	C:\WINDOWS\System32\gdi32full.dll
0x00007ff880bf0000 - 0x00007ff880c8f000 	C:\WINDOWS\System32\msvcp_win.dll
0x00007ff880c90000 - 0x00007ff880d8a000 	C:\WINDOWS\System32\ucrtbase.dll
0x00007ff868690000 - 0x00007ff8688f9000 	C:\WINDOWS\WinSxS\amd64_microsoft.windows.common-controls_6595b64144ccf1df_6.0.17134.48_none_b4b2216a3cb4dd3e\COMCTL32.dll
0x00007ff881fe0000 - 0x00007ff882303000 	C:\WINDOWS\System32\combase.dll
0x00007ff880f30000 - 0x00007ff880faa000 	C:\WINDOWS\System32\bcryptPrimitives.dll
0x00007ff883750000 - 0x00007ff88377d000 	C:\WINDOWS\System32\IMM32.DLL
0x000000006b7d0000 - 0x000000006b8a2000 	C:\Program Files\Android\Android Studio\jre\jre\bin\msvcr100.dll
0x000000006b990000 - 0x000000006c1cf000 	C:\Program Files\Android\Android Studio\jre\jre\bin\server\jvm.dll
0x00007ff8846e0000 - 0x00007ff8846e8000 	C:\WINDOWS\System32\PSAPI.DLL
0x00007ff879970000 - 0x00007ff87997a000 	C:\WINDOWS\SYSTEM32\VERSION.dll
0x00007ff878f80000 - 0x00007ff878fa3000 	C:\WINDOWS\SYSTEM32\WINMM.dll
0x00007ff868c00000 - 0x00007ff868c09000 	C:\WINDOWS\SYSTEM32\WSOCK32.dll
0x00007ff883da0000 - 0x00007ff883e0c000 	C:\WINDOWS\System32\WS2_32.dll
0x00007ff878ea0000 - 0x00007ff878eca000 	C:\WINDOWS\SYSTEM32\winmmbase.dll
0x00007ff881a10000 - 0x00007ff881a59000 	C:\WINDOWS\System32\cfgmgr32.dll
0x00007ff87ebf0000 - 0x00007ff87ebff000 	C:\Program Files\Android\Android Studio\jre\jre\bin\verify.dll
0x00007ff877350000 - 0x00007ff877379000 	C:\Program Files\Android\Android Studio\jre\jre\bin\java.dll
0x00007ff87c000000 - 0x00007ff87c016000 	C:\Program Files\Android\Android Studio\jre\jre\bin\zip.dll
0x00007ff882310000 - 0x00007ff883750000 	C:\WINDOWS\System32\SHELL32.dll
0x00007ff884620000 - 0x00007ff8846c9000 	C:\WINDOWS\System32\shcore.dll
0x00007ff881230000 - 0x00007ff88193d000 	C:\WINDOWS\System32\windows.storage.dll
0x00007ff884330000 - 0x00007ff884381000 	C:\WINDOWS\System32\shlwapi.dll
0x00007ff880b50000 - 0x00007ff880b61000 	C:\WINDOWS\System32\kernel.appcore.dll
0x00007ff880b30000 - 0x00007ff880b4f000 	C:\WINDOWS\System32\profapi.dll
0x00007ff880ae0000 - 0x00007ff880b2c000 	C:\WINDOWS\System32\powrprof.dll
0x00007ff880ad0000 - 0x00007ff880ada000 	C:\WINDOWS\System32\FLTLIB.DLL
0x00007ff878290000 - 0x00007ff8782aa000 	C:\Program Files\Android\Android Studio\jre\jre\bin\net.dll
0x00007ff880350000 - 0x00007ff8803b6000 	C:\WINDOWS\system32\mswsock.dll
0x00007ff8781a0000 - 0x00007ff8781b1000 	C:\Program Files\Android\Android Studio\jre\jre\bin\nio.dll
0x00007ff86e460000 - 0x00007ff86e47e000 	C:\Users\PC\.gradle\native\25\windows-amd64\native-platform.dll
0x00007ff87dea0000 - 0x00007ff87dead000 	C:\Program Files\Android\Android Studio\jre\jre\bin\management.dll
0x00007ff880500000 - 0x00007ff880517000 	C:\WINDOWS\SYSTEM32\CRYPTSP.dll
0x00007ff87ff30000 - 0x00007ff87ff63000 	C:\WINDOWS\system32\rsaenh.dll
0x00007ff880630000 - 0x00007ff880655000 	C:\WINDOWS\SYSTEM32\bcrypt.dll
0x00007ff8809d0000 - 0x00007ff8809f8000 	C:\WINDOWS\SYSTEM32\USERENV.dll
0x00007ff880520000 - 0x00007ff88052b000 	C:\WINDOWS\SYSTEM32\CRYPTBASE.dll
0x00007ff8800d0000 - 0x00007ff880108000 	C:\WINDOWS\SYSTEM32\IPHLPAPI.DLL
0x00007ff8846d0000 - 0x00007ff8846d8000 	C:\WINDOWS\System32\NSI.dll
0x00007ff87b670000 - 0x00007ff87b686000 	C:\WINDOWS\SYSTEM32\dhcpcsvc6.DLL
0x00007ff87b650000 - 0x00007ff87b66a000 	C:\WINDOWS\SYSTEM32\dhcpcsvc.DLL

VM Arguments:
jvm_args: -Xmx1536m -Dfile.encoding=windows-1255 -Duser.country=US -Duser.language=en -Duser.variant 
java_command: org.gradle.launcher.daemon.bootstrap.GradleDaemon 4.4
java_class_path (initial): C:\Users\PC\.gradle\wrapper\dists\gradle-4.4-all\9br9xq1tocpiv8o6njlyu5op1\gradle-4.4\lib\gradle-launcher-4.4.jar
Launcher Type: SUN_STANDARD

Environment Variables:
PATH=C:\ProgramData\Oracle\Java\javapath;C:\WINDOWS\system32;C:\WINDOWS;C:\WINDOWS\System32\Wbem;C:\WINDOWS\System32\WindowsPowerShell\v1.0\;C:\Program Files\Git\cmd;C:\WINDOWS\System32\OpenSSH\;C:\Users\PC\AppData\Local\Microsoft\WindowsApps;C:\Users\PC\AppData\Local\GitHubDesktop\bin;%USERPROFILE%\AppData\Local\Microsoft\WindowsApps;
USERNAME=PC
OS=Windows_NT
PROCESSOR_IDENTIFIER=Intel64 Family 6 Model 94 Stepping 3, GenuineIntel



---------------  S Y S T E M  ---------------

OS: Windows 10.0 , 64 bit Build 17134 (10.0.17134.1)

CPU:total 4 (initial active 4) (4 cores per cpu, 1 threads per core) family 6 model 94 stepping 3, cmov, cx8, fxsr, mmx, sse, sse2, sse3, ssse3, sse4.1, sse4.2, popcnt, avx, avx2, aes, clmul, erms, 3dnowpref, lzcnt, tsc, tscinvbit, bmi1, bmi2, adx

Memory: 4k page, physical 8285120k(483724k free), swap 14685116k(5448k free)

vm_info: OpenJDK 64-Bit Server VM (25.152-b02) for windows-amd64 JRE (1.8.0_152-release-1024-b02), built by "builder" with MS VC++ 10.0 (VS2010)

time: Thu May 31 09:22:35 2018
elapsed time: 6 seconds (0d 0h 0m 6s)

